<?xml version="1.0" encoding="UTF-8"?>
<testng-results skipped="0" failed="0" ignored="0" total="1" passed="1">
  <reporter-output>
  </reporter-output>
  <suite name="mainpage.HomePageTest" duration-ms="44517" started-at="2019-05-31T15:14:46Z" finished-at="2019-05-31T15:15:31Z">
    <groups>
    </groups>
    <test name="Command line test" duration-ms="44517" started-at="2019-05-31T15:14:46Z" finished-at="2019-05-31T15:15:31Z">
      <class name="mainpage.HomePageTest">
        <test-method status="PASS" signature="testHomePage()[pri:0, instance:mainpage.HomePageTest@30c7da1e]" name="testHomePage" duration-ms="44497" started-at="2019-05-31T15:14:46Z" finished-at="2019-05-31T15:15:31Z">
          <reporter-output>
          </reporter-output>
        </test-method> <!-- testHomePage -->
      </class> <!-- mainpage.HomePageTest -->
    </test> <!-- Command line test -->
  </suite> <!-- mainpage.HomePageTest -->
</testng-results>
